# JRE version: OpenJDK Runtime Environment (8.0_76-b03) (build 1.8.0_76-release-b03)
# Java VM: OpenJDK 64-Bit Server VM (25.76-b03 mixed mode linux-amd64 compressed oops)
Heap:
 PSYoungGen      total 331776K, used 0K [0x00000000e0000000, 0x0000000100000000, 0x0000000100000000)
  eden space 175104K, 0% used [0x00000000e0000000,0x00000000e0000000,0x00000000eab00000)
  from space 156672K, 0% used [0x00000000f6700000,0x00000000f6700000,0x0000000100000000)
  to   space 174592K, 0% used [0x00000000eab00000,0x00000000eab00000,0x00000000f5580000)
 ParOldGen       total 478208K, used 351269K [0x00000000a0000000, 0x00000000bd300000, 0x00000000e0000000)
  object space 478208K, 73% used [0x00000000a0000000,0x00000000b57094e0,0x00000000bd300000)
 Metaspace       used 66812K, capacity 68738K, committed 69120K, reserved 1110016K
  class space    used 8404K, capacity 8841K, committed 8960K, reserved 1048576K
GC Heap History (10 events):
Event: 120.418 GC heap after
Heap after GC invocations=36 (full 8):
 PSYoungGen      total 301056K, used 55382K [0x00000000e0000000, 0x0000000100000000, 0x0000000100000000)
  eden space 215040K, 0% used [0x00000000e0000000,0x00000000e0000000,0x00000000ed200000)
  from space 86016K, 64% used [0x00000000fac00000,0x00000000fe215808,0x0000000100000000)
  to   space 154624K, 0% used [0x00000000ed200000,0x00000000ed200000,0x00000000f6900000)
 ParOldGen       total 476160K, used 318382K [0x00000000a0000000, 0x00000000bd100000, 0x00000000e0000000)
  object space 476160K, 66% used [0x00000000a0000000,0x00000000b36ebb18,0x00000000bd100000)
 Metaspace       used 66795K, capacity 68674K, committed 69120K, reserved 1110016K
  class space    used 8404K, capacity 8841K, committed 8960K, reserved 1048576K
}
Event: 120.899 GC heap before
{Heap before GC invocations=37 (full 8):
 PSYoungGen      total 301056K, used 270422K [0x00000000e0000000, 0x0000000100000000, 0x0000000100000000)
  eden space 215040K, 100% used [0x00000000e0000000,0x00000000ed200000,0x00000000ed200000)
  from space 86016K, 64% used [0x00000000fac00000,0x00000000fe215808,0x0000000100000000)
  to   space 154624K, 0% used [0x00000000ed200000,0x00000000ed200000,0x00000000f6900000)
 ParOldGen       total 476160K, used 318382K [0x00000000a0000000, 0x00000000bd100000, 0x00000000e0000000)
  object space 476160K, 66% used [0x00000000a0000000,0x00000000b36ebb18,0x00000000bd100000)
 Metaspace       used 66800K, capacity 68674K, committed 69120K, reserved 1110016K
  class space    used 8404K, capacity 8841K, committed 8960K, reserved 1048576K
Event: 121.225 GC heap after
Heap after GC invocations=37 (full 8):
 PSYoungGen      total 369664K, used 47064K [0x00000000e0000000, 0x0000000100000000, 0x0000000100000000)
  eden space 215040K, 0% used [0x00000000e0000000,0x00000000e0000000,0x00000000ed200000)
  from space 154624K, 30% used [0x00000000ed200000,0x00000000efff6080,0x00000000f6900000)
  to   space 146432K, 0% used [0x00000000f7100000,0x00000000f7100000,0x0000000100000000)
 ParOldGen       total 476160K, used 373816K [0x00000000a0000000, 0x00000000bd100000, 0x00000000e0000000)
  object space 476160K, 78% used [0x00000000a0000000,0x00000000b6d0e358,0x00000000bd100000)
 Metaspace       used 66800K, capacity 68674K, committed 69120K, reserved 1110016K
  class space    used 8404K, capacity 8841K, committed 8960K, reserved 1048576K
}
Event: 122.075 GC heap before
{Heap before GC invocations=38 (full 8):
 PSYoungGen      total 369664K, used 262104K [0x00000000e0000000, 0x0000000100000000, 0x0000000100000000)
  eden space 215040K, 100% used [0x00000000e0000000,0x00000000ed200000,0x00000000ed200000)
  from space 154624K, 30% used [0x00000000ed200000,0x00000000efff6080,0x00000000f6900000)
  to   space 146432K, 0% used [0x00000000f7100000,0x00000000f7100000,0x0000000100000000)
 ParOldGen       total 476160K, used 373816K [0x00000000a0000000, 0x00000000bd100000, 0x00000000e0000000)
  object space 476160K, 78% used [0x00000000a0000000,0x00000000b6d0e358,0x00000000bd100000)
 Metaspace       used 66809K, capacity 68738K, committed 69120K, reserved 1110016K
  class space    used 8404K, capacity 8841K, committed 8960K, reserved 1048576K
Event: 122.182 GC heap after
Heap after GC invocations=38 (full 8):
 PSYoungGen      total 357376K, used 106875K [0x00000000e0000000, 0x0000000100000000, 0x0000000100000000)
  eden space 210944K, 0% used [0x00000000e0000000,0x00000000e0000000,0x00000000ece00000)
  from space 146432K, 72% used [0x00000000f7100000,0x00000000fd95eea0,0x0000000100000000)
  to   space 156672K, 0% used [0x00000000ece00000,0x00000000ece00000,0x00000000f6700000)
 ParOldGen       total 476160K, used 373824K [0x00000000a0000000, 0x00000000bd100000, 0x00000000e0000000)
  object space 476160K, 78% used [0x00000000a0000000,0x00000000b6d10358,0x00000000bd100000)
 Metaspace       used 66809K, capacity 68738K, committed 69120K, reserved 1110016K
  class space    used 8404K, capacity 8841K, committed 8960K, reserved 1048576K
}
Event: 122.626 GC heap before
{Heap before GC invocations=39 (full 8):
 PSYoungGen      total 357376K, used 317819K [0x00000000e0000000, 0x0000000100000000, 0x0000000100000000)
  eden space 210944K, 100% used [0x00000000e0000000,0x00000000ece00000,0x00000000ece00000)
  from space 146432K, 72% used [0x00000000f7100000,0x00000000fd95eea0,0x0000000100000000)
  to   space 156672K, 0% used [0x00000000ece00000,0x00000000ece00000,0x00000000f6700000)
 ParOldGen       total 476160K, used 373824K [0x00000000a0000000, 0x00000000bd100000, 0x00000000e0000000)
  object space 476160K, 78% used [0x00000000a0000000,0x00000000b6d10358,0x00000000bd100000)
 Metaspace       used 66812K, capacity 68738K, committed 69120K, reserved 1110016K
  class space    used 8404K, capacity 8841K, committed 8960K, reserved 1048576K
Event: 122.785 GC heap after
Heap after GC invocations=39 (full 8):
 PSYoungGen      total 367616K, used 156645K [0x00000000e0000000, 0x0000000100000000, 0x0000000100000000)
  eden space 210944K, 0% used [0x00000000e0000000,0x00000000e0000000,0x00000000ece00000)
  from space 156672K, 99% used [0x00000000ece00000,0x00000000f66f9638,0x00000000f6700000)
  to   space 156672K, 0% used [0x00000000f6700000,0x00000000f6700000,0x0000000100000000)
 ParOldGen       total 476160K, used 384215K [0x00000000a0000000, 0x00000000bd100000, 0x00000000e0000000)
  object space 476160K, 80% used [0x00000000a0000000,0x00000000b7735f80,0x00000000bd100000)
 Metaspace       used 66812K, capacity 68738K, committed 69120K, reserved 1110016K
  class space    used 8404K, capacity 8841K, committed 8960K, reserved 1048576K
}
Event: 122.994 GC heap before
{Heap before GC invocations=40 (full 8):
 PSYoungGen      total 367616K, used 367589K [0x00000000e0000000, 0x0000000100000000, 0x0000000100000000)
  eden space 210944K, 100% used [0x00000000e0000000,0x00000000ece00000,0x00000000ece00000)
  from space 156672K, 99% used [0x00000000ece00000,0x00000000f66f9638,0x00000000f6700000)
  to   space 156672K, 0% used [0x00000000f6700000,0x00000000f6700000,0x0000000100000000)
 ParOldGen       total 476160K, used 384215K [0x00000000a0000000, 0x00000000bd100000, 0x00000000e0000000)
  object space 476160K, 80% used [0x00000000a0000000,0x00000000b7735f80,0x00000000bd100000)
 Metaspace       used 66812K, capacity 68738K, committed 69120K, reserved 1110016K
  class space    used 8404K, capacity 8841K, committed 8960K, reserved 1048576K
Event: 123.538 GC heap after
Heap after GC invocations=40 (full 8):
 PSYoungGen      total 331776K, used 141202K [0x00000000e0000000, 0x0000000100000000, 0x0000000100000000)
  eden space 175104K, 0% used [0x00000000e0000000,0x00000000e0000000,0x00000000eab00000)
  from space 156672K, 90% used [0x00000000f6700000,0x00000000ff0e4868,0x0000000100000000)
  to   space 174592K, 0% used [0x00000000eab00000,0x00000000eab00000,0x00000000f5580000)
 ParOldGen       total 478208K, used 477532K [0x00000000a0000000, 0x00000000bd300000, 0x00000000e0000000)
  object space 478208K, 99% used [0x00000000a0000000,0x00000000bd257280,0x00000000bd300000)
 Metaspace       used 66812K, capacity 68738K, committed 69120K, reserved 1110016K
  class space    used 8404K, capacity 8841K, committed 8960K, reserved 1048576K
}
Event: 123.538 GC heap before
{Heap before GC invocations=41 (full 9):
 PSYoungGen      total 331776K, used 141202K [0x00000000e0000000, 0x0000000100000000, 0x0000000100000000)
  eden space 175104K, 0% used [0x00000000e0000000,0x00000000e0000000,0x00000000eab00000)
  from space 156672K, 90% used [0x00000000f6700000,0x00000000ff0e4868,0x0000000100000000)
  to   space 174592K, 0% used [0x00000000eab00000,0x00000000eab00000,0x00000000f5580000)
 ParOldGen       total 478208K, used 477532K [0x00000000a0000000, 0x00000000bd300000, 0x00000000e0000000)
  object space 478208K, 99% used [0x00000000a0000000,0x00000000bd257280,0x00000000bd300000)
 Metaspace       used 66812K, capacity 68738K, committed 69120K, reserved 1110016K
  class space    used 8404K, capacity 8841K, committed 8960K, reserved 1048576K

