# JRE version: OpenJDK Runtime Environment (8.0_76-b03) (build 1.8.0_76-release-b03)
# Java VM: OpenJDK 64-Bit Server VM (25.76-b03 mixed mode linux-amd64 compressed oops)
Heap:
 PSYoungGen      total 388608K, used 44969K [0x00000000e0000000, 0x00000000fde80000, 0x0000000100000000)
  eden space 311808K, 0% used [0x00000000e0000000,0x00000000e0000000,0x00000000f3080000)
  from space 76800K, 58% used [0x00000000f8400000,0x00000000fafea518,0x00000000fcf00000)
  to   space 85504K, 0% used [0x00000000f3080000,0x00000000f3080000,0x00000000f8400000)
 ParOldGen       total 109056K, used 108861K [0x00000000a0000000, 0x00000000a6a80000, 0x00000000e0000000)
  object space 109056K, 99% used [0x00000000a0000000,0x00000000a6a4f6f0,0x00000000a6a80000)
 Metaspace       used 61566K, capacity 63176K, committed 63360K, reserved 1103872K
  class space    used 7837K, capacity 8204K, committed 8320K, reserved 1048576K
GC Heap History (10 events):
Event: 97.812 GC heap after
Heap after GC invocations=24 (full 4):
 PSYoungGen      total 218624K, used 33248K [0x00000000e0000000, 0x00000000f1800000, 0x0000000100000000)
  eden space 185344K, 0% used [0x00000000e0000000,0x00000000e0000000,0x00000000eb500000)
  from space 33280K, 99% used [0x00000000ede80000,0x00000000efef8030,0x00000000eff00000)
  to   space 42496K, 0% used [0x00000000eb500000,0x00000000eb500000,0x00000000ede80000)
 ParOldGen       total 109056K, used 45712K [0x00000000a0000000, 0x00000000a6a80000, 0x00000000e0000000)
  object space 109056K, 41% used [0x00000000a0000000,0x00000000a2ca4018,0x00000000a6a80000)
 Metaspace       used 61366K, capacity 62952K, committed 63104K, reserved 1103872K
  class space    used 7838K, capacity 8212K, committed 8320K, reserved 1048576K
}
Event: 97.813 GC heap before
{Heap before GC invocations=25 (full 4):
 PSYoungGen      total 218624K, used 34157K [0x00000000e0000000, 0x00000000f1800000, 0x0000000100000000)
  eden space 185344K, 0% used [0x00000000e0000000,0x00000000e00e35d8,0x00000000eb500000)
  from space 33280K, 99% used [0x00000000ede80000,0x00000000efef8030,0x00000000eff00000)
  to   space 42496K, 0% used [0x00000000eb500000,0x00000000eb500000,0x00000000ede80000)
 ParOldGen       total 109056K, used 45712K [0x00000000a0000000, 0x00000000a6a80000, 0x00000000e0000000)
  object space 109056K, 41% used [0x00000000a0000000,0x00000000a2ca4018,0x00000000a6a80000)
 Metaspace       used 61366K, capacity 62952K, committed 63104K, reserved 1103872K
  class space    used 7838K, capacity 8212K, committed 8320K, reserved 1048576K
Event: 97.871 GC heap after
Heap after GC invocations=25 (full 4):
 PSYoungGen      total 227840K, used 33394K [0x00000000e0000000, 0x00000000f4f00000, 0x0000000100000000)
  eden space 185344K, 0% used [0x00000000e0000000,0x00000000e0000000,0x00000000eb500000)
  from space 42496K, 78% used [0x00000000eb500000,0x00000000ed59ca68,0x00000000ede80000)
  to   space 46080K, 0% used [0x00000000f2200000,0x00000000f2200000,0x00000000f4f00000)
 ParOldGen       total 109056K, used 45712K [0x00000000a0000000, 0x00000000a6a80000, 0x00000000e0000000)
  object space 109056K, 41% used [0x00000000a0000000,0x00000000a2ca4018,0x00000000a6a80000)
 Metaspace       used 61366K, capacity 62952K, committed 63104K, reserved 1103872K
  class space    used 7838K, capacity 8212K, committed 8320K, reserved 1048576K
}
Event: 98.593 GC heap before
{Heap before GC invocations=26 (full 4):
 PSYoungGen      total 227840K, used 218738K [0x00000000e0000000, 0x00000000f4f00000, 0x0000000100000000)
  eden space 185344K, 100% used [0x00000000e0000000,0x00000000eb500000,0x00000000eb500000)
  from space 42496K, 78% used [0x00000000eb500000,0x00000000ed59ca68,0x00000000ede80000)
  to   space 46080K, 0% used [0x00000000f2200000,0x00000000f2200000,0x00000000f4f00000)
 ParOldGen       total 109056K, used 45712K [0x00000000a0000000, 0x00000000a6a80000, 0x00000000e0000000)
  object space 109056K, 41% used [0x00000000a0000000,0x00000000a2ca4018,0x00000000a6a80000)
 Metaspace       used 61406K, capacity 63016K, committed 63360K, reserved 1103872K
  class space    used 7838K, capacity 8212K, committed 8320K, reserved 1048576K
Event: 98.732 GC heap after
Heap after GC invocations=26 (full 4):
 PSYoungGen      total 284672K, used 46079K [0x00000000e0000000, 0x00000000f6600000, 0x0000000100000000)
  eden space 238592K, 0% used [0x00000000e0000000,0x00000000e0000000,0x00000000ee900000)
  from space 46080K, 99% used [0x00000000f2200000,0x00000000f4effc50,0x00000000f4f00000)
  to   space 58368K, 0% used [0x00000000ee900000,0x00000000ee900000,0x00000000f2200000)
 ParOldGen       total 109056K, used 58577K [0x00000000a0000000, 0x00000000a6a80000, 0x00000000e0000000)
  object space 109056K, 53% used [0x00000000a0000000,0x00000000a3934658,0x00000000a6a80000)
 Metaspace       used 61406K, capacity 63016K, committed 63360K, reserved 1103872K
  class space    used 7838K, capacity 8212K, committed 8320K, reserved 1048576K
}
Event: 99.526 GC heap before
{Heap before GC invocations=27 (full 4):
 PSYoungGen      total 284672K, used 284671K [0x00000000e0000000, 0x00000000f6600000, 0x0000000100000000)
  eden space 238592K, 100% used [0x00000000e0000000,0x00000000ee900000,0x00000000ee900000)
  from space 46080K, 99% used [0x00000000f2200000,0x00000000f4effc50,0x00000000f4f00000)
  to   space 58368K, 0% used [0x00000000ee900000,0x00000000ee900000,0x00000000f2200000)
 ParOldGen       total 109056K, used 58577K [0x00000000a0000000, 0x00000000a6a80000, 0x00000000e0000000)
  object space 109056K, 53% used [0x00000000a0000000,0x00000000a3934658,0x00000000a6a80000)
 Metaspace       used 61448K, capacity 63080K, committed 63360K, reserved 1103872K
  class space    used 7839K, capacity 8212K, committed 8320K, reserved 1048576K
Event: 99.664 GC heap after
Heap after GC invocations=27 (full 4):
 PSYoungGen      total 296960K, used 58342K [0x00000000e0000000, 0x00000000fcf00000, 0x0000000100000000)
  eden space 238592K, 0% used [0x00000000e0000000,0x00000000e0000000,0x00000000ee900000)
  from space 58368K, 99% used [0x00000000ee900000,0x00000000f21f98d8,0x00000000f2200000)
  to   space 76800K, 0% used [0x00000000f8400000,0x00000000f8400000,0x00000000fcf00000)
 ParOldGen       total 109056K, used 81133K [0x00000000a0000000, 0x00000000a6a80000, 0x00000000e0000000)
  object space 109056K, 74% used [0x00000000a0000000,0x00000000a4f3b5f0,0x00000000a6a80000)
 Metaspace       used 61448K, capacity 63080K, committed 63360K, reserved 1103872K
  class space    used 7839K, capacity 8212K, committed 8320K, reserved 1048576K
}
Event: 100.657 GC heap before
{Heap before GC invocations=28 (full 4):
 PSYoungGen      total 296960K, used 296934K [0x00000000e0000000, 0x00000000fcf00000, 0x0000000100000000)
  eden space 238592K, 100% used [0x00000000e0000000,0x00000000ee900000,0x00000000ee900000)
  from space 58368K, 99% used [0x00000000ee900000,0x00000000f21f98d8,0x00000000f2200000)
  to   space 76800K, 0% used [0x00000000f8400000,0x00000000f8400000,0x00000000fcf00000)
 ParOldGen       total 109056K, used 81133K [0x00000000a0000000, 0x00000000a6a80000, 0x00000000e0000000)
  object space 109056K, 74% used [0x00000000a0000000,0x00000000a4f3b5f0,0x00000000a6a80000)
 Metaspace       used 61578K, capacity 63208K, committed 63360K, reserved 1103872K
  class space    used 7841K, capacity 8212K, committed 8320K, reserved 1048576K
Event: 100.790 GC heap after
Heap after GC invocations=28 (full 4):
 PSYoungGen      total 388608K, used 63963K [0x00000000e0000000, 0x00000000fde80000, 0x0000000100000000)
  eden space 311808K, 0% used [0x00000000e0000000,0x00000000e0000000,0x00000000f3080000)
  from space 76800K, 83% used [0x00000000f8400000,0x00000000fc276e40,0x00000000fcf00000)
  to   space 85504K, 0% used [0x00000000f3080000,0x00000000f3080000,0x00000000f8400000)
 ParOldGen       total 109056K, used 105299K [0x00000000a0000000, 0x00000000a6a80000, 0x00000000e0000000)
  object space 109056K, 96% used [0x00000000a0000000,0x00000000a66d4c80,0x00000000a6a80000)
 Metaspace       used 61578K, capacity 63208K, committed 63360K, reserved 1103872K
  class space    used 7841K, capacity 8212K, committed 8320K, reserved 1048576K
}
Event: 100.790 GC heap before
{Heap before GC invocations=29 (full 5):
 PSYoungGen      total 388608K, used 63963K [0x00000000e0000000, 0x00000000fde80000, 0x0000000100000000)
  eden space 311808K, 0% used [0x00000000e0000000,0x00000000e0000000,0x00000000f3080000)
  from space 76800K, 83% used [0x00000000f8400000,0x00000000fc276e40,0x00000000fcf00000)
  to   space 85504K, 0% used [0x00000000f3080000,0x00000000f3080000,0x00000000f8400000)
 ParOldGen       total 109056K, used 105299K [0x00000000a0000000, 0x00000000a6a80000, 0x00000000e0000000)
  object space 109056K, 96% used [0x00000000a0000000,0x00000000a66d4c80,0x00000000a6a80000)
 Metaspace       used 61578K, capacity 63208K, committed 63360K, reserved 1103872K
  class space    used 7841K, capacity 8212K, committed 8320K, reserved 1048576K

