# JRE version: OpenJDK Runtime Environment (8.0_76-b03) (build 1.8.0_76-release-b03)
# Java VM: OpenJDK 64-Bit Server VM (25.76-b03 mixed mode linux-amd64 compressed oops)
Heap:
 PSYoungGen      total 210944K, used 5066K [0x00000000e0000000, 0x00000000f0700000, 0x0000000100000000)
  eden space 191488K, 0% used [0x00000000e0000000,0x00000000e0000000,0x00000000ebb00000)
  from space 19456K, 26% used [0x00000000ebb00000,0x00000000ebff2910,0x00000000ece00000)
  to   space 27136K, 0% used [0x00000000eec80000,0x00000000eec80000,0x00000000f0700000)
 ParOldGen       total 53760K, used 53393K [0x00000000a0000000, 0x00000000a3480000, 0x00000000e0000000)
  object space 53760K, 99% used [0x00000000a0000000,0x00000000a34244e8,0x00000000a3480000)
 Metaspace       used 54592K, capacity 56414K, committed 56576K, reserved 1097728K
  class space    used 7007K, capacity 7385K, committed 7424K, reserved 1048576K
GC Heap History (10 events):
Event: 207.614 GC heap after
Heap after GC invocations=20 (full 4):
 PSYoungGen      total 210944K, used 0K [0x00000000e0000000, 0x00000000ee300000, 0x0000000100000000)
  eden space 190464K, 0% used [0x00000000e0000000,0x00000000e0000000,0x00000000eba00000)
  from space 20480K, 0% used [0x00000000ecf00000,0x00000000ecf00000,0x00000000ee300000)
  to   space 20992K, 0% used [0x00000000eba00000,0x00000000eba00000,0x00000000ece80000)
 ParOldGen       total 53760K, used 31003K [0x00000000a0000000, 0x00000000a3480000, 0x00000000e0000000)
  object space 53760K, 57% used [0x00000000a0000000,0x00000000a1e46d88,0x00000000a3480000)
 Metaspace       used 52810K, capacity 54388K, committed 54656K, reserved 1097728K
  class space    used 6879K, capacity 7218K, committed 7296K, reserved 1048576K
}
Event: 341.960 GC heap before
{Heap before GC invocations=21 (full 4):
 PSYoungGen      total 210944K, used 160713K [0x00000000e0000000, 0x00000000ee300000, 0x0000000100000000)
  eden space 190464K, 84% used [0x00000000e0000000,0x00000000e9cf2510,0x00000000eba00000)
  from space 20480K, 0% used [0x00000000ecf00000,0x00000000ecf00000,0x00000000ee300000)
  to   space 20992K, 0% used [0x00000000eba00000,0x00000000eba00000,0x00000000ece80000)
 ParOldGen       total 53760K, used 31003K [0x00000000a0000000, 0x00000000a3480000, 0x00000000e0000000)
  object space 53760K, 57% used [0x00000000a0000000,0x00000000a1e46d88,0x00000000a3480000)
 Metaspace       used 53175K, capacity 55058K, committed 55168K, reserved 1097728K
  class space    used 6910K, capacity 7269K, committed 7296K, reserved 1048576K
Event: 341.981 GC heap after
Heap after GC invocations=21 (full 4):
 PSYoungGen      total 195584K, used 4672K [0x00000000e0000000, 0x00000000ee200000, 0x0000000100000000)
  eden space 190464K, 0% used [0x00000000e0000000,0x00000000e0000000,0x00000000eba00000)
  from space 5120K, 91% used [0x00000000eba00000,0x00000000ebe90020,0x00000000ebf00000)
  to   space 20480K, 0% used [0x00000000ece00000,0x00000000ece00000,0x00000000ee200000)
 ParOldGen       total 53760K, used 31011K [0x00000000a0000000, 0x00000000a3480000, 0x00000000e0000000)
  object space 53760K, 57% used [0x00000000a0000000,0x00000000a1e48d88,0x00000000a3480000)
 Metaspace       used 53175K, capacity 55058K, committed 55168K, reserved 1097728K
  class space    used 6910K, capacity 7269K, committed 7296K, reserved 1048576K
}
Event: 341.981 GC heap before
{Heap before GC invocations=22 (full 5):
 PSYoungGen      total 195584K, used 4672K [0x00000000e0000000, 0x00000000ee200000, 0x0000000100000000)
  eden space 190464K, 0% used [0x00000000e0000000,0x00000000e0000000,0x00000000eba00000)
  from space 5120K, 91% used [0x00000000eba00000,0x00000000ebe90020,0x00000000ebf00000)
  to   space 20480K, 0% used [0x00000000ece00000,0x00000000ece00000,0x00000000ee200000)
 ParOldGen       total 53760K, used 31011K [0x00000000a0000000, 0x00000000a3480000, 0x00000000e0000000)
  object space 53760K, 57% used [0x00000000a0000000,0x00000000a1e48d88,0x00000000a3480000)
 Metaspace       used 53175K, capacity 55058K, committed 55168K, reserved 1097728K
  class space    used 6910K, capacity 7269K, committed 7296K, reserved 1048576K
Event: 342.223 GC heap after
Heap after GC invocations=22 (full 5):
 PSYoungGen      total 195584K, used 0K [0x00000000e0000000, 0x00000000ee200000, 0x0000000100000000)
  eden space 190464K, 0% used [0x00000000e0000000,0x00000000e0000000,0x00000000eba00000)
  from space 5120K, 0% used [0x00000000eba00000,0x00000000eba00000,0x00000000ebf00000)
  to   space 20480K, 0% used [0x00000000ece00000,0x00000000ece00000,0x00000000ee200000)
 ParOldGen       total 53760K, used 32107K [0x00000000a0000000, 0x00000000a3480000, 0x00000000e0000000)
  object space 53760K, 59% used [0x00000000a0000000,0x00000000a1f5adc8,0x00000000a3480000)
 Metaspace       used 53175K, capacity 55058K, committed 55168K, reserved 1097728K
  class space    used 6910K, capacity 7269K, committed 7296K, reserved 1048576K
}
Event: 520.413 GC heap before
{Heap before GC invocations=23 (full 5):
 PSYoungGen      total 195584K, used 190464K [0x00000000e0000000, 0x00000000ee200000, 0x0000000100000000)
  eden space 190464K, 100% used [0x00000000e0000000,0x00000000eba00000,0x00000000eba00000)
  from space 5120K, 0% used [0x00000000eba00000,0x00000000eba00000,0x00000000ebf00000)
  to   space 20480K, 0% used [0x00000000ece00000,0x00000000ece00000,0x00000000ee200000)
 ParOldGen       total 53760K, used 32107K [0x00000000a0000000, 0x00000000a3480000, 0x00000000e0000000)
  object space 53760K, 59% used [0x00000000a0000000,0x00000000a1f5adc8,0x00000000a3480000)
 Metaspace       used 53936K, capacity 55876K, committed 56064K, reserved 1097728K
  class space    used 6977K, capacity 7382K, committed 7424K, reserved 1048576K
Event: 520.433 GC heap after
Heap after GC invocations=23 (full 5):
 PSYoungGen      total 211968K, used 8640K [0x00000000e0000000, 0x00000000ef680000, 0x0000000100000000)
  eden space 191488K, 0% used [0x00000000e0000000,0x00000000e0000000,0x00000000ebb00000)
  from space 20480K, 42% used [0x00000000ece00000,0x00000000ed670000,0x00000000ee200000)
  to   space 19456K, 0% used [0x00000000ebb00000,0x00000000ebb00000,0x00000000ece00000)
 ParOldGen       total 53760K, used 32115K [0x00000000a0000000, 0x00000000a3480000, 0x00000000e0000000)
  object space 53760K, 59% used [0x00000000a0000000,0x00000000a1f5cdc8,0x00000000a3480000)
 Metaspace       used 53936K, capacity 55876K, committed 56064K, reserved 1097728K
  class space    used 6977K, capacity 7382K, committed 7424K, reserved 1048576K
}
Event: 534.638 GC heap before
{Heap before GC invocations=24 (full 5):
 PSYoungGen      total 211968K, used 200128K [0x00000000e0000000, 0x00000000ef680000, 0x0000000100000000)
  eden space 191488K, 100% used [0x00000000e0000000,0x00000000ebb00000,0x00000000ebb00000)
  from space 20480K, 42% used [0x00000000ece00000,0x00000000ed670000,0x00000000ee200000)
  to   space 19456K, 0% used [0x00000000ebb00000,0x00000000ebb00000,0x00000000ece00000)
 ParOldGen       total 53760K, used 32115K [0x00000000a0000000, 0x00000000a3480000, 0x00000000e0000000)
  object space 53760K, 59% used [0x00000000a0000000,0x00000000a1f5cdc8,0x00000000a3480000)
 Metaspace       used 54592K, capacity 56414K, committed 56576K, reserved 1097728K
  class space    used 7007K, capacity 7385K, committed 7424K, reserved 1048576K
Event: 534.929 GC heap after
Heap after GC invocations=24 (full 5):
 PSYoungGen      total 210944K, used 19451K [0x00000000e0000000, 0x00000000f0700000, 0x0000000100000000)
  eden space 191488K, 0% used [0x00000000e0000000,0x00000000e0000000,0x00000000ebb00000)
  from space 19456K, 99% used [0x00000000ebb00000,0x00000000ecdfec10,0x00000000ece00000)
  to   space 27136K, 0% used [0x00000000eec80000,0x00000000eec80000,0x00000000f0700000)
 ParOldGen       total 53760K, used 43946K [0x00000000a0000000, 0x00000000a3480000, 0x00000000e0000000)
  object space 53760K, 81% used [0x00000000a0000000,0x00000000a2aea830,0x00000000a3480000)
 Metaspace       used 54592K, capacity 56414K, committed 56576K, reserved 1097728K
  class space    used 7007K, capacity 7385K, committed 7424K, reserved 1048576K
}
Event: 534.941 GC heap before
{Heap before GC invocations=25 (full 6):
 PSYoungGen      total 210944K, used 19451K [0x00000000e0000000, 0x00000000f0700000, 0x0000000100000000)
  eden space 191488K, 0% used [0x00000000e0000000,0x00000000e0000000,0x00000000ebb00000)
  from space 19456K, 99% used [0x00000000ebb00000,0x00000000ecdfec10,0x00000000ece00000)
  to   space 27136K, 0% used [0x00000000eec80000,0x00000000eec80000,0x00000000f0700000)
 ParOldGen       total 53760K, used 43946K [0x00000000a0000000, 0x00000000a3480000, 0x00000000e0000000)
  object space 53760K, 81% used [0x00000000a0000000,0x00000000a2aea830,0x00000000a3480000)
 Metaspace       used 54592K, capacity 56414K, committed 56576K, reserved 1097728K
  class space    used 7007K, capacity 7385K, committed 7424K, reserved 1048576K

